This is pdfTeX, Version 3.141592653-2.6-1.40.22 (TeX Live 2021) (preloaded format=pdflatex 2021.4.12)  28 APR 2021 22:56
entering extended mode
 restricted \write18 enabled.
 %&-line parsing enabled.
**thesis.tex
(./thesis.tex
LaTeX2e <2020-10-01> patch level 4
L3 programming layer <2021-02-18> (./reedthesis.cls
Document Class: reedthesis 2004/01/27 The Reed College Thesis Class
(/Users/maslein/Library/TinyTeX/texmf-dist/tex/latex/base/book.cls
Document Class: book 2020/04/10 v1.4m Standard LaTeX document class
(/Users/maslein/Library/TinyTeX/texmf-dist/tex/latex/base/bk12.clo
File: bk12.clo 2020/04/10 v1.4m Standard LaTeX file (size option)
)
\c@part=\count179
\c@chapter=\count180
\c@section=\count181
\c@subsection=\count182
\c@subsubsection=\count183
\c@paragraph=\count184
\c@subparagraph=\count185
\c@figure=\count186
\c@table=\count187
\abovecaptionskip=\skip47
\belowcaptionskip=\skip48
\bibindent=\dimen138
) (/Users/maslein/Library/TinyTeX/texmf-dist/tex/latex/fancyhdr/fancyhdr.sty
Package: fancyhdr 2021/01/28 v4.0.1 Extensive control of page headers and foote
rs
\f@nch@headwidth=\skip49
\f@nch@O@elh=\skip50
\f@nch@O@erh=\skip51
\f@nch@O@olh=\skip52
\f@nch@O@orh=\skip53
\f@nch@O@elf=\skip54
\f@nch@O@erf=\skip55
\f@nch@O@olf=\skip56
\f@nch@O@orf=\skip57
) (/Users/maslein/Library/TinyTeX/texmf-dist/tex/latex/fancyvrb/fancyvrb.sty
Package: fancyvrb 2021/01/20 v3.7 verbatim text (tvz,hv)
(/Users/maslein/Library/TinyTeX/texmf-dist/tex/latex/graphics/keyval.sty
Package: keyval 2014/10/28 v1.15 key=value parser (DPC)
\KV@toks@=\toks15
)
\FV@CodeLineNo=\count188
\FV@InFile=\read2
\FV@TabBox=\box47
\c@FancyVerbLine=\count189
\FV@StepNumber=\count190
\FV@OutFile=\write3
) (/Users/maslein/Library/TinyTeX/texmf-dist/tex/generic/iftex/ifxetex.sty
Package: ifxetex 2019/10/25 v0.7 ifxetex legacy package. Use iftex instead.
(/Users/maslein/Library/TinyTeX/texmf-dist/tex/generic/iftex/iftex.sty
Package: iftex 2020/03/06 v1.0d TeX engine tests
)) (/Users/maslein/Library/TinyTeX/texmf-dist/tex/generic/iftex/ifluatex.sty
Package: ifluatex 2019/10/25 v1.5 ifluatex legacy package. Use iftex instead.
) (/Users/maslein/Library/TinyTeX/texmf-dist/tex/latex/base/fixltx2e.sty
Package: fixltx2e 2016/12/29 v2.1a fixes to LaTeX (obsolete)
Applying: [2015/01/01] Old fixltx2e package on input line 46.

Package fixltx2e Warning: fixltx2e is not required with releases after 2015
(fixltx2e)                All fixes are now in the LaTeX kernel.
(fixltx2e)                See the latexrelease package for details.

Already applied: [0000/00/00] Old fixltx2e package on input line 53.
) (/Users/maslein/Library/TinyTeX/texmf-dist/tex/latex/base/fontenc.sty
Package: fontenc 2020/08/10 v2.0s Standard LaTeX package
) (/Users/maslein/Library/TinyTeX/texmf-dist/tex/latex/base/inputenc.sty
Package: inputenc 2020/08/01 v1.3d Input encoding file
\inpenc@prehook=\toks16
\inpenc@posthook=\toks17
) (/Users/maslein/Library/TinyTeX/texmf-dist/tex/latex/graphics/color.sty
Package: color 2020/02/24 v1.2b Standard LaTeX Color (DPC)
(/Users/maslein/Library/TinyTeX/texmf-dist/tex/latex/graphics-cfg/color.cfg
File: color.cfg 2016/01/02 v1.6 sample color configuration
)
Package color Info: Driver file: pdftex.def on input line 147.
(/Users/maslein/Library/TinyTeX/texmf-dist/tex/latex/graphics-def/pdftex.def
File: pdftex.def 2020/10/05 v1.2a Graphics/color driver for pdftex
)) (/Users/maslein/Library/TinyTeX/texmf-dist/tex/latex/framed/framed.sty
Package: framed 2011/10/22 v 0.96: framed or shaded text with page breaks
\OuterFrameSep=\skip58
\fb@frw=\dimen139
\fb@frh=\dimen140
\FrameRule=\dimen141
\FrameSep=\dimen142
)) (/Users/maslein/Library/TinyTeX/texmf-dist/tex/latex/graphics/graphicx.sty
Package: graphicx 2020/09/09 v1.2b Enhanced LaTeX Graphics (DPC,SPQR)
(/Users/maslein/Library/TinyTeX/texmf-dist/tex/latex/graphics/graphics.sty
Package: graphics 2020/08/30 v1.4c Standard LaTeX Graphics (DPC,SPQR)
(/Users/maslein/Library/TinyTeX/texmf-dist/tex/latex/graphics/trig.sty
Package: trig 2016/01/03 v1.10 sin cos tan (DPC)
) (/Users/maslein/Library/TinyTeX/texmf-dist/tex/latex/graphics-cfg/graphics.cf
g
File: graphics.cfg 2016/06/04 v1.11 sample graphics configuration
)
Package graphics Info: Driver file: pdftex.def on input line 105.
)
\Gin@req@height=\dimen143
\Gin@req@width=\dimen144
) (/Users/maslein/Library/TinyTeX/texmf-dist/tex/latex/base/latexsym.sty
Package: latexsym 1998/08/17 v2.2e Standard LaTeX package (lasy symbols)
\symlasy=\mathgroup4
LaTeX Font Info:    Overwriting symbol font `lasy' in version `bold'
(Font)                  U/lasy/m/n --> U/lasy/b/n on input line 52.
) (/Users/maslein/Library/TinyTeX/texmf-dist/tex/latex/amsmath/amsmath.sty
Package: amsmath 2020/09/23 v2.17i AMS math features
\@mathmargin=\skip59
For additional information on amsmath, use the `?' option.
(/Users/maslein/Library/TinyTeX/texmf-dist/tex/latex/amsmath/amstext.sty
Package: amstext 2000/06/29 v2.01 AMS text
(/Users/maslein/Library/TinyTeX/texmf-dist/tex/latex/amsmath/amsgen.sty
File: amsgen.sty 1999/11/30 v2.0 generic functions
\@emptytoks=\toks18
\ex@=\dimen145
)) (/Users/maslein/Library/TinyTeX/texmf-dist/tex/latex/amsmath/amsbsy.sty
Package: amsbsy 1999/11/29 v1.2d Bold Symbols
\pmbraise@=\dimen146
) (/Users/maslein/Library/TinyTeX/texmf-dist/tex/latex/amsmath/amsopn.sty
Package: amsopn 2016/03/08 v2.02 operator names
)
\inf@bad=\count191
LaTeX Info: Redefining \frac on input line 234.
\uproot@=\count192
\leftroot@=\count193
LaTeX Info: Redefining \overline on input line 399.
\classnum@=\count194
\DOTSCASE@=\count195
LaTeX Info: Redefining \ldots on input line 496.
LaTeX Info: Redefining \dots on input line 499.
LaTeX Info: Redefining \cdots on input line 620.
\Mathstrutbox@=\box48
\strutbox@=\box49
\big@size=\dimen147
LaTeX Font Info:    Redeclaring font encoding OML on input line 743.
LaTeX Font Info:    Redeclaring font encoding OMS on input line 744.
\macc@depth=\count196
\c@MaxMatrixCols=\count197
\dotsspace@=\muskip16
\c@parentequation=\count198
\dspbrk@lvl=\count199
\tag@help=\toks19
\row@=\count266
\column@=\count267
\maxfields@=\count268
\andhelp@=\toks20
\eqnshift@=\dimen148
\alignsep@=\dimen149
\tagshift@=\dimen150
\tagwidth@=\dimen151
\totwidth@=\dimen152
\lineht@=\dimen153
\@envbody=\toks21
\multlinegap=\skip60
\multlinetaggap=\skip61
\mathdisplay@stack=\toks22
LaTeX Info: Redefining \[ on input line 2923.
LaTeX Info: Redefining \] on input line 2924.
) (/Users/maslein/Library/TinyTeX/texmf-dist/tex/latex/amsfonts/amssymb.sty
Package: amssymb 2013/01/14 v3.01 AMS font symbols
(/Users/maslein/Library/TinyTeX/texmf-dist/tex/latex/amsfonts/amsfonts.sty
Package: amsfonts 2013/01/14 v3.01 Basic AMSFonts support
\symAMSa=\mathgroup5
\symAMSb=\mathgroup6
LaTeX Font Info:    Redeclaring math symbol \hbar on input line 98.
LaTeX Font Info:    Overwriting math alphabet `\mathfrak' in version `bold'
(Font)                  U/euf/m/n --> U/euf/b/n on input line 106.
)) (/Users/maslein/Library/TinyTeX/texmf-dist/tex/latex/amscls/amsthm.sty
Package: amsthm 2020/05/29 v2.20.6
\thm@style=\toks23
\thm@bodyfont=\toks24
\thm@headfont=\toks25
\thm@notefont=\toks26
\thm@headpunct=\toks27
\thm@preskip=\skip62
\thm@postskip=\skip63
\thm@headsep=\skip64
\dth@everypar=\toks28
) (/Users/maslein/Library/TinyTeX/texmf-dist/tex/latex/tools/longtable.sty
Package: longtable 2020/01/07 v4.13 Multi-page Table package (DPC)
\LTleft=\skip65
\LTright=\skip66
\LTpre=\skip67
\LTpost=\skip68
\LTchunksize=\count269
\LTcapwidth=\dimen154
\LT@head=\box50
\LT@firsthead=\box51
\LT@foot=\box52
\LT@lastfoot=\box53
\LT@cols=\count270
\LT@rows=\count271
\c@LT@tables=\count272
\c@LT@chunks=\count273
\LT@p@ftn=\toks29
) (/Users/maslein/Library/TinyTeX/texmf-dist/tex/latex/booktabs/booktabs.sty
Package: booktabs 2020/01/12 v1.61803398 Publication quality tables
\heavyrulewidth=\dimen155
\lightrulewidth=\dimen156
\cmidrulewidth=\dimen157
\belowrulesep=\dimen158
\belowbottomsep=\dimen159
\aboverulesep=\dimen160
\abovetopsep=\dimen161
\cmidrulesep=\dimen162
\cmidrulekern=\dimen163
\defaultaddspace=\dimen164
\@cmidla=\count274
\@cmidlb=\count275
\@aboverulesep=\dimen165
\@belowrulesep=\dimen166
\@thisruleclass=\count276
\@lastruleclass=\count277
\@thisrulewidth=\dimen167
) (/Users/maslein/Library/TinyTeX/texmf-dist/tex/latex/setspace/setspace.sty
Package: setspace 2011/12/19 v6.7a set line spacing
) (./chemarr.sty
Package: chemarr 2001/06/22 v1.1 Chemical reaction arrows (HO)
) (/Users/maslein/Library/TinyTeX/texmf-dist/tex/latex/url/url.sty
\Urlmuskip=\muskip17
Package: url 2013/09/16  ver 3.4  Verb mode for urls, etc.
) (/Users/maslein/Library/TinyTeX/texmf-dist/tex/latex/hyperref/hyperref.sty
Package: hyperref 2021-02-27 v7.00k Hypertext links for LaTeX
(/Users/maslein/Library/TinyTeX/texmf-dist/tex/generic/ltxcmds/ltxcmds.sty
Package: ltxcmds 2020-05-10 v1.25 LaTeX kernel commands for general use (HO)
)
(/Users/maslein/Library/TinyTeX/texmf-dist/tex/generic/pdftexcmds/pdftexcmds.st
y
Package: pdftexcmds 2020-06-27 v0.33 Utility functions of pdfTeX for LuaTeX (HO
)
(/Users/maslein/Library/TinyTeX/texmf-dist/tex/generic/infwarerr/infwarerr.sty
Package: infwarerr 2019/12/03 v1.5 Providing info/warning/error messages (HO)
)
Package pdftexcmds Info: \pdf@primitive is available.
Package pdftexcmds Info: \pdf@ifprimitive is available.
Package pdftexcmds Info: \pdfdraftmode found.
) (/Users/maslein/Library/TinyTeX/texmf-dist/tex/generic/kvsetkeys/kvsetkeys.st
y
Package: kvsetkeys 2019/12/15 v1.18 Key value parser (HO)
)
(/Users/maslein/Library/TinyTeX/texmf-dist/tex/generic/kvdefinekeys/kvdefinekey
s.sty
Package: kvdefinekeys 2019-12-19 v1.6 Define keys (HO)
) (/Users/maslein/Library/TinyTeX/texmf-dist/tex/generic/pdfescape/pdfescape.st
y
Package: pdfescape 2019/12/09 v1.15 Implements pdfTeX's escape features (HO)
) (/Users/maslein/Library/TinyTeX/texmf-dist/tex/latex/hycolor/hycolor.sty
Package: hycolor 2020-01-27 v1.10 Color options for hyperref/bookmark (HO)
)
(/Users/maslein/Library/TinyTeX/texmf-dist/tex/latex/letltxmacro/letltxmacro.st
y
Package: letltxmacro 2019/12/03 v1.6 Let assignment for LaTeX macros (HO)
) (/Users/maslein/Library/TinyTeX/texmf-dist/tex/latex/auxhook/auxhook.sty
Package: auxhook 2019-12-17 v1.6 Hooks for auxiliary files (HO)
) (/Users/maslein/Library/TinyTeX/texmf-dist/tex/latex/kvoptions/kvoptions.sty
Package: kvoptions 2020-10-07 v3.14 Key value format for package options (HO)
)
\@linkdim=\dimen168
\Hy@linkcounter=\count278
\Hy@pagecounter=\count279
(/Users/maslein/Library/TinyTeX/texmf-dist/tex/latex/hyperref/pd1enc.def
File: pd1enc.def 2021-02-27 v7.00k Hyperref: PDFDocEncoding definition (HO)
Now handling font encoding PD1 ...
... no UTF-8 mapping file for font encoding PD1
)
(/Users/maslein/Library/TinyTeX/texmf-dist/tex/latex/hyperref/hyperref-langpatc
hes.def
File: hyperref-langpatches.def 2021-02-27 v7.00k Hyperref: patches for babel la
nguages
) (/Users/maslein/Library/TinyTeX/texmf-dist/tex/generic/intcalc/intcalc.sty
Package: intcalc 2019/12/15 v1.3 Expandable calculations with integers (HO)
) (/Users/maslein/Library/TinyTeX/texmf-dist/tex/generic/etexcmds/etexcmds.sty
Package: etexcmds 2019/12/15 v1.7 Avoid name clashes with e-TeX commands (HO)
)
\Hy@SavedSpaceFactor=\count280
(/Users/maslein/Library/TinyTeX/texmf-dist/tex/latex/hyperref/puenc.def
File: puenc.def 2021-02-27 v7.00k Hyperref: PDF Unicode definition (HO)
Now handling font encoding PU ...
... no UTF-8 mapping file for font encoding PU
)
Package hyperref Info: Hyper figures OFF on input line 4192.
Package hyperref Info: Link nesting OFF on input line 4197.
Package hyperref Info: Hyper index ON on input line 4200.
Package hyperref Info: Plain pages OFF on input line 4207.
Package hyperref Info: Backreferencing OFF on input line 4212.
Package hyperref Info: Implicit mode ON; LaTeX internals redefined.
Package hyperref Info: Bookmarks ON on input line 4445.
\c@Hy@tempcnt=\count281
LaTeX Info: Redefining \url on input line 4804.
\XeTeXLinkMargin=\dimen169
(/Users/maslein/Library/TinyTeX/texmf-dist/tex/generic/bitset/bitset.sty
Package: bitset 2019/12/09 v1.3 Handle bit-vector datatype (HO)

(/Users/maslein/Library/TinyTeX/texmf-dist/tex/generic/bigintcalc/bigintcalc.st
y
Package: bigintcalc 2019/12/15 v1.5 Expandable calculations on big integers (HO
)
))
\Fld@menulength=\count282
\Field@Width=\dimen170
\Fld@charsize=\dimen171
Package hyperref Info: Hyper figures OFF on input line 6075.
Package hyperref Info: Link nesting OFF on input line 6080.
Package hyperref Info: Hyper index ON on input line 6083.
Package hyperref Info: backreferencing OFF on input line 6090.
Package hyperref Info: Link coloring OFF on input line 6095.
Package hyperref Info: Link coloring with OCG OFF on input line 6100.
Package hyperref Info: PDF/A mode OFF on input line 6105.
LaTeX Info: Redefining \ref on input line 6145.
LaTeX Info: Redefining \pageref on input line 6149.
(/Users/maslein/Library/TinyTeX/texmf-dist/tex/latex/base/atbegshi-ltx.sty
Package: atbegshi-ltx 2020/08/17 v1.0a Emulation of the original atbegshi packa
ge
with kernel methods
)
\Hy@abspage=\count283
\c@Item=\count284
\c@Hfootnote=\count285
)
Package hyperref Info: Driver (autodetected): hpdftex.
(/Users/maslein/Library/TinyTeX/texmf-dist/tex/latex/hyperref/hpdftex.def
File: hpdftex.def 2021-02-27 v7.00k Hyperref driver for pdfTeX
(/Users/maslein/Library/TinyTeX/texmf-dist/tex/latex/base/atveryend-ltx.sty
Package: atveryend-ltx 2020/08/19 v1.0a Emulation of the original atvery packag
e
with kernel methods
)
\Fld@listcount=\count286
\c@bookmark@seq@number=\count287

(/Users/maslein/Library/TinyTeX/texmf-dist/tex/latex/rerunfilecheck/rerunfilech
eck.sty
Package: rerunfilecheck 2019/12/05 v1.9 Rerun checks for auxiliary files (HO)

(/Users/maslein/Library/TinyTeX/texmf-dist/tex/generic/uniquecounter/uniquecoun
ter.sty
Package: uniquecounter 2019/12/15 v1.4 Provide unlimited unique counter (HO)
)
Package uniquecounter Info: New unique counter `rerunfilecheck' on input line 2
86.
)
\Hy@SectionHShift=\skip69
) (/Users/maslein/Library/TinyTeX/texmf-dist/tex/latex/lm/lmodern.sty
Package: lmodern 2015/05/01 v1.6.1 Latin Modern Fonts
LaTeX Font Info:    Overwriting symbol font `operators' in version `normal'
(Font)                  OT1/cmr/m/n --> OT1/lmr/m/n on input line 22.
LaTeX Font Info:    Overwriting symbol font `letters' in version `normal'
(Font)                  OML/cmm/m/it --> OML/lmm/m/it on input line 23.
LaTeX Font Info:    Overwriting symbol font `symbols' in version `normal'
(Font)                  OMS/cmsy/m/n --> OMS/lmsy/m/n on input line 24.
LaTeX Font Info:    Overwriting symbol font `largesymbols' in version `normal'
(Font)                  OMX/cmex/m/n --> OMX/lmex/m/n on input line 25.
LaTeX Font Info:    Overwriting symbol font `operators' in version `bold'
(Font)                  OT1/cmr/bx/n --> OT1/lmr/bx/n on input line 26.
LaTeX Font Info:    Overwriting symbol font `letters' in version `bold'
(Font)                  OML/cmm/b/it --> OML/lmm/b/it on input line 27.
LaTeX Font Info:    Overwriting symbol font `symbols' in version `bold'
(Font)                  OMS/cmsy/b/n --> OMS/lmsy/b/n on input line 28.
LaTeX Font Info:    Overwriting symbol font `largesymbols' in version `bold'
(Font)                  OMX/cmex/m/n --> OMX/lmex/m/n on input line 29.
LaTeX Font Info:    Overwriting math alphabet `\mathbf' in version `normal'
(Font)                  OT1/cmr/bx/n --> OT1/lmr/bx/n on input line 31.
LaTeX Font Info:    Overwriting math alphabet `\mathsf' in version `normal'
(Font)                  OT1/cmss/m/n --> OT1/lmss/m/n on input line 32.
LaTeX Font Info:    Overwriting math alphabet `\mathit' in version `normal'
(Font)                  OT1/cmr/m/it --> OT1/lmr/m/it on input line 33.
LaTeX Font Info:    Overwriting math alphabet `\mathtt' in version `normal'
(Font)                  OT1/cmtt/m/n --> OT1/lmtt/m/n on input line 34.
LaTeX Font Info:    Overwriting math alphabet `\mathbf' in version `bold'
(Font)                  OT1/cmr/bx/n --> OT1/lmr/bx/n on input line 35.
LaTeX Font Info:    Overwriting math alphabet `\mathsf' in version `bold'
(Font)                  OT1/cmss/bx/n --> OT1/lmss/bx/n on input line 36.
LaTeX Font Info:    Overwriting math alphabet `\mathit' in version `bold'
(Font)                  OT1/cmr/bx/it --> OT1/lmr/bx/it on input line 37.
LaTeX Font Info:    Overwriting math alphabet `\mathtt' in version `bold'
(Font)                  OT1/cmtt/m/n --> OT1/lmtt/m/n on input line 38.
) (/Users/maslein/Library/TinyTeX/texmf-dist/tex/latex/float/float.sty
Package: float 2001/11/08 v1.3d Float enhancements (AL)
\c@float@type=\count288
\float@exts=\toks30
\float@box=\box54
\@float@everytoks=\toks31
\@floatcapt=\box55
) (/Users/maslein/Library/TinyTeX/texmf-dist/tex/latex/tools/calc.sty
Package: calc 2017/05/25 v4.3 Infix arithmetic (KKT,FJ)
\calc@Acount=\count289
\calc@Bcount=\count290
\calc@Adimen=\dimen172
\calc@Bdimen=\dimen173
\calc@Askip=\skip70
\calc@Bskip=\skip71
LaTeX Info: Redefining \setlength on input line 80.
LaTeX Info: Redefining \addtolength on input line 81.
\calc@Ccount=\count291
\calc@Cskip=\skip72
) (/Users/maslein/Library/TinyTeX/texmf-dist/tex/latex/graphics/rotating.sty
Package: rotating 2016/08/11 v2.16d rotated objects in LaTeX
(/Users/maslein/Library/TinyTeX/texmf-dist/tex/latex/base/ifthen.sty
Package: ifthen 2014/09/29 v1.1c Standard LaTeX ifthen package (DPC)
)
\c@r@tfl@t=\count292
\rotFPtop=\skip73
\rotFPbot=\skip74
\rot@float@box=\box56
\rot@mess@toks=\toks32
) (/Users/maslein/Library/TinyTeX/texmf-dist/tex/latex/caption/caption.sty
Package: caption 2020/10/26 v3.5g Customizing captions (AR)
(/Users/maslein/Library/TinyTeX/texmf-dist/tex/latex/caption/caption3.sty
Package: caption3 2020/10/21 v2.2e caption3 kernel (AR)
\captionmargin=\dimen174
\captionmargin@=\dimen175
\captionwidth=\dimen176
\caption@tempdima=\dimen177
\caption@indent=\dimen178
\caption@parindent=\dimen179
\caption@hangindent=\dimen180
Package caption Info: Standard document class detected.
)
\c@caption@flags=\count293
\c@continuedfloat=\count294
Package caption Info: float package is loaded.
Package caption Info: hyperref package is loaded.
Package caption Info: longtable package is loaded.
(/Users/maslein/Library/TinyTeX/texmf-dist/tex/latex/caption/ltcaption.sty
Package: ltcaption 2020/05/30 v1.4b longtable captions (AR)
)
Package caption Info: rotating package is loaded.
)
Package color Info: Redefining color shadecolor on input line 81.
(/Users/maslein/Library/TinyTeX/texmf-dist/tex/latex/tools/array.sty
Package: array 2020/10/01 v2.5c Tabular extension package (FMi)
\col@sep=\dimen181
\ar@mcellbox=\box57
\extrarowheight=\dimen182
\NC@list=\toks33
\extratabsurround=\skip75
\backup@length=\skip76
\ar@cellbox=\box58
) (/Users/maslein/Library/TinyTeX/texmf-dist/tex/latex/multirow/multirow.sty
Package: multirow 2021/03/15 v2.8 Span multiple rows of a table
\multirow@colwidth=\skip77
\multirow@cntb=\count295
\multirow@dima=\skip78
\bigstrutjot=\dimen183
) (/Users/maslein/Library/TinyTeX/texmf-dist/tex/latex/wrapfig/wrapfig.sty
\wrapoverhang=\dimen184
\WF@size=\dimen185
\c@WF@wrappedlines=\count296
\WF@box=\box59
\WF@everypar=\toks34
Package: wrapfig 2003/01/31  v 3.6
) (/Users/maslein/Library/TinyTeX/texmf-dist/tex/latex/colortbl/colortbl.sty
Package: colortbl 2020/01/04 v1.0e Color table columns (DPC)
\everycr=\toks35
\minrowclearance=\skip79
) (/Users/maslein/Library/TinyTeX/texmf-dist/tex/latex/pdflscape/pdflscape.sty
Package: pdflscape 2019/12/05 v0.12 Display of landscape pages in PDF (HO)
(/Users/maslein/Library/TinyTeX/texmf-dist/tex/latex/graphics/lscape.sty
Package: lscape 2020/05/28 v3.02 Landscape Pages (DPC)
)
Package pdflscape Info: Auto-detected driver: pdftex on input line 81.
) (/Users/maslein/Library/TinyTeX/texmf-dist/tex/latex/tabu/tabu.sty
Package: tabu 2019/01/11 v2.9 - flexible LaTeX tabulars (FC+tabu-fixed)
(/Users/maslein/Library/TinyTeX/texmf-dist/tex/latex/varwidth/varwidth.sty
Package: varwidth 2009/03/30 ver 0.92;  Variable-width minipages
\@vwid@box=\box60
\sift@deathcycles=\count297
\@vwid@loff=\dimen186
\@vwid@roff=\dimen187
)
\c@taburow=\count298
\tabu@nbcols=\count299
\tabu@cnt=\count300
\tabu@Xcol=\count301
\tabu@alloc=\count302
\tabu@nested=\count303
\tabu@target=\dimen188
\tabu@spreadtarget=\dimen189
\tabu@naturalX=\dimen190
\tabucolX=\dimen191
\tabu@Xsum=\dimen192
\extrarowdepth=\dimen193
\abovetabulinesep=\dimen194
\belowtabulinesep=\dimen195
\tabustrutrule=\dimen196
\tabu@thebody=\toks36
\tabu@footnotes=\toks37
\tabu@box=\box61
\tabu@arstrutbox=\box62
\tabu@hleads=\box63
\tabu@vleads=\box64
\tabu@cellskip=\skip80
)
(/Users/maslein/Library/TinyTeX/texmf-dist/tex/latex/threeparttable/threepartta
ble.sty
Package: threeparttable 2003/06/13  v 3.0
\@tempboxb=\box65
)
(/Users/maslein/Library/TinyTeX/texmf-dist/tex/latex/threeparttablex/threepartt
ablex.sty
Package: threeparttablex 2013/07/23 v0.3 by daleif
(/Users/maslein/Library/TinyTeX/texmf-dist/tex/latex/environ/environ.sty
Package: environ 2014/05/04 v0.3 A new way to define environments
(/Users/maslein/Library/TinyTeX/texmf-dist/tex/latex/trimspaces/trimspaces.sty
Package: trimspaces 2009/09/17 v1.1 Trim spaces around a token list
))
\TPTL@width=\skip81
) (/Users/maslein/Library/TinyTeX/texmf-dist/tex/generic/ulem/ulem.sty
\UL@box=\box66
\UL@hyphenbox=\box67
\UL@skip=\skip82
\UL@hook=\toks38
\UL@height=\dimen197
\UL@pe=\count304
\UL@pixel=\dimen198
\ULC@box=\box68
Package: ulem 2019/11/18
\ULdepth=\dimen199
) (/Users/maslein/Library/TinyTeX/texmf-dist/tex/latex/makecell/makecell.sty
Package: makecell 2009/08/03 V0.1e Managing of Tab Column Heads and Cells
\rotheadsize=\dimen256
\c@nlinenum=\count305
\TeXr@lab=\toks39
) (/Users/maslein/Library/TinyTeX/texmf-dist/tex/latex/xcolor/xcolor.sty
Package: xcolor 2016/05/11 v2.12 LaTeX color extensions (UK)
(/Users/maslein/Library/TinyTeX/texmf-dist/tex/latex/graphics-cfg/color.cfg
File: color.cfg 2016/01/02 v1.6 sample color configuration
)
Package xcolor Info: Driver file: pdftex.def on input line 225.
LaTeX Info: Redefining \color on input line 709.
Package xcolor Info: Model `cmy' substituted by `cmy0' on input line 1348.
Package xcolor Info: Model `hsb' substituted by `rgb' on input line 1352.
Package xcolor Info: Model `RGB' extended on input line 1364.
Package xcolor Info: Model `HTML' substituted by `rgb' on input line 1366.
Package xcolor Info: Model `Hsb' substituted by `hsb' on input line 1367.
Package xcolor Info: Model `tHsb' substituted by `hsb' on input line 1368.
Package xcolor Info: Model `HSB' substituted by `hsb' on input line 1369.
Package xcolor Info: Model `Gray' substituted by `gray' on input line 1370.
Package xcolor Info: Model `wave' substituted by `hsb' on input line 1371.
)
LaTeX Font Info:    Trying to load font information for T1+lmr on input line 25
4.
(/Users/maslein/Library/TinyTeX/texmf-dist/tex/latex/lm/t1lmr.fd
File: t1lmr.fd 2015/05/01 v1.6.1 Font defs for Latin Modern
)
(/Users/maslein/Library/TinyTeX/texmf-dist/tex/latex/l3backend/l3backend-pdftex
.def
File: l3backend-pdftex.def 2021-03-18 L3 backend support: PDF output (pdfTeX)
\l__color_backend_stack_int=\count306
\l__pdf_internal_box=\box69
) (./thesis.aux)
\openout1 = `thesis.aux'.

LaTeX Font Info:    Checking defaults for OML/cmm/m/it on input line 254.
LaTeX Font Info:    ... okay on input line 254.
LaTeX Font Info:    Checking defaults for OMS/cmsy/m/n on input line 254.
LaTeX Font Info:    ... okay on input line 254.
LaTeX Font Info:    Checking defaults for OT1/cmr/m/n on input line 254.
LaTeX Font Info:    ... okay on input line 254.
LaTeX Font Info:    Checking defaults for T1/cmr/m/n on input line 254.
LaTeX Font Info:    ... okay on input line 254.
LaTeX Font Info:    Checking defaults for TS1/cmr/m/n on input line 254.
LaTeX Font Info:    ... okay on input line 254.
LaTeX Font Info:    Checking defaults for OMX/cmex/m/n on input line 254.
LaTeX Font Info:    ... okay on input line 254.
LaTeX Font Info:    Checking defaults for U/cmr/m/n on input line 254.
LaTeX Font Info:    ... okay on input line 254.
LaTeX Font Info:    Checking defaults for PD1/pdf/m/n on input line 254.
LaTeX Font Info:    ... okay on input line 254.
LaTeX Font Info:    Checking defaults for PU/pdf/m/n on input line 254.
LaTeX Font Info:    ... okay on input line 254.

(/Users/maslein/Library/TinyTeX/texmf-dist/tex/latex/epstopdf-pkg/epstopdf-base
.sty
Package: epstopdf-base 2020-01-24 v2.11 Base part for package epstopdf
Package epstopdf-base Info: Redefining graphics rule for `.eps' on input line 4
85.

(/Users/maslein/Library/TinyTeX/texmf-dist/tex/latex/latexconfig/epstopdf-sys.c
fg
File: epstopdf-sys.cfg 2010/07/13 v1.3 Configuration of (r)epstopdf for TeX Liv
e
))
Package hyperref Info: Link coloring OFF on input line 254.
(/Users/maslein/Library/TinyTeX/texmf-dist/tex/latex/hyperref/nameref.sty
Package: nameref 2021-04-02 v2.47 Cross-referencing by name of section
(/Users/maslein/Library/TinyTeX/texmf-dist/tex/latex/refcount/refcount.sty
Package: refcount 2019/12/15 v3.6 Data extraction from label references (HO)
)
(/Users/maslein/Library/TinyTeX/texmf-dist/tex/generic/gettitlestring/gettitles
tring.sty
Package: gettitlestring 2019/12/15 v1.6 Cleanup title references (HO)
)
\c@section@level=\count307
)
LaTeX Info: Redefining \ref on input line 254.
LaTeX Info: Redefining \pageref on input line 254.
LaTeX Info: Redefining \nameref on input line 254.
(./thesis.out) (./thesis.out)
\@outlinefile=\write4
\openout4 = `thesis.out'.

Package caption Info: Begin \AtBeginDocument code.
Package caption Info: threeparttable package is loaded.
Package caption Info: wrapfig package is loaded.
Package caption Info: End \AtBeginDocument code.
LaTeX Font Info:    Trying to load font information for OT1+lmr on input line 2
58.
(/Users/maslein/Library/TinyTeX/texmf-dist/tex/latex/lm/ot1lmr.fd
File: ot1lmr.fd 2015/05/01 v1.6.1 Font defs for Latin Modern
)
LaTeX Font Info:    Trying to load font information for OML+lmm on input line 2
58.
(/Users/maslein/Library/TinyTeX/texmf-dist/tex/latex/lm/omllmm.fd
File: omllmm.fd 2015/05/01 v1.6.1 Font defs for Latin Modern
)
LaTeX Font Info:    Trying to load font information for OMS+lmsy on input line 
258.
(/Users/maslein/Library/TinyTeX/texmf-dist/tex/latex/lm/omslmsy.fd
File: omslmsy.fd 2015/05/01 v1.6.1 Font defs for Latin Modern
)
LaTeX Font Info:    Trying to load font information for OMX+lmex on input line 
258.
(/Users/maslein/Library/TinyTeX/texmf-dist/tex/latex/lm/omxlmex.fd
File: omxlmex.fd 2015/05/01 v1.6.1 Font defs for Latin Modern
)
LaTeX Font Info:    External font `lmex10' loaded for size
(Font)              <12> on input line 258.
LaTeX Font Info:    External font `lmex10' loaded for size
(Font)              <8> on input line 258.
LaTeX Font Info:    External font `lmex10' loaded for size
(Font)              <6> on input line 258.
LaTeX Font Info:    Trying to load font information for U+lasy on input line 25
8.
(/Users/maslein/Library/TinyTeX/texmf-dist/tex/latex/base/ulasy.fd
File: ulasy.fd 1998/08/17 v2.2e LaTeX symbol font definitions
)
LaTeX Font Info:    Trying to load font information for U+msa on input line 258
.
(/Users/maslein/Library/TinyTeX/texmf-dist/tex/latex/amsfonts/umsa.fd
File: umsa.fd 2013/01/14 v3.01 AMS symbols A
)
LaTeX Font Info:    Trying to load font information for U+msb on input line 258
.
(/Users/maslein/Library/TinyTeX/texmf-dist/tex/latex/amsfonts/umsb.fd
File: umsb.fd 2013/01/14 v3.01 AMS symbols B
) [1
Non-PDF special ignored!
<special> !% Reed College LaTeX Thesis Class 2001/12/04 SN
Non-PDF special ignored!
<special> rawpostscript % Reed College LaTeX Thesis Class 2001/12/04 SN


{/Users/maslein/Library/TinyTeX/texmf-var/fonts/map/pdftex/updmap/pdftex.map}] 
[2

] [3] [4

] [1


] [2


] (./thesis.toc
Underfull \vbox (badness 2318) has occurred while \output is active []

[3])
\tf@toc=\write5
\openout5 = `thesis.toc'.

[4] (./thesis.lot)
\tf@lot=\write6
\openout6 = `thesis.lot'.

[5

] [6

] (./thesis.lof)
\tf@lof=\write7
\openout7 = `thesis.lof'.

[7] [8

] [9] [10


]pdfTeX warning (ext4): destination with the same identifier (name{page.1}) has
 been already used, duplicate ignored
<to be read again> 
                   \relax 
l.347 
       [1

]pdfTeX warning (ext4): destination with the same identifier (name{page.2}) has
 been already used, duplicate ignored
<to be read again> 
                   \relax 
l.354 \chapter{Background}\label{background}}
                                              [2]
Chapter 1.
<figures/figure1.png, id=247, 955.57pt x 502.87875pt>
File: figures/figure1.png Graphic file (type png)
<use figures/figure1.png>
Package pdftex.def Info: figures/figure1.png  used on input line 360.
(pdftex.def)             Requested size: 455.3023pt x 239.60652pt.

Overfull \hbox (21.68231pt too wide) in paragraph at lines 360--361
 [][] 
 []

pdfTeX warning (ext4): destination with the same identifier (name{page.3}) has 
been already used, duplicate ignored
<to be read again> 
                   \relax 
l.367 
       [3

 <./figures/figure1.png>]pdfTeX warning (ext4): destination with the same ident
ifier (name{page.4}) has been already used, duplicate ignored
<to be read again> 
                   \relax 
l.377 
       [4]
Underfull \vbox (badness 1629) has occurred while \output is active []

[5]
Underfull \vbox (badness 3557) has occurred while \output is active []

[6] [7]
<figures/figure2.png, id=284, 595.22375pt x 479.7925pt>
File: figures/figure2.png Graphic file (type png)
<use figures/figure2.png>
Package pdftex.def Info: figures/figure2.png  used on input line 418.
(pdftex.def)             Requested size: 390.25534pt x 314.57019pt.
[8 <./figures/figure2.png>]
Underfull \vbox (badness 1629) has occurred while \output is active []

[9]
<figures/figure4.png, id=295, 1104.125pt x 1108.14pt>
File: figures/figure4.png Graphic file (type png)
<use figures/figure4.png>
Package pdftex.def Info: figures/figure4.png  used on input line 445.
(pdftex.def)             Requested size: 390.25534pt x 391.67621pt.

Underfull \vbox (badness 1629) has occurred while \output is active []

[10] [11 <./figures/figure4.png>]
LaTeX Font Info:    Trying to load font information for TS1+lmr on input line 4
59.
(/Users/maslein/Library/TinyTeX/texmf-dist/tex/latex/lm/ts1lmr.fd
File: ts1lmr.fd 2015/05/01 v1.6.1 Font defs for Latin Modern
) [12

] [13] [14

]
Chapter 2.
<figures/figure5.png, id=323, 663.47874pt x 444.66125pt>
File: figures/figure5.png Graphic file (type png)
<use figures/figure5.png>
Package pdftex.def Info: figures/figure5.png  used on input line 474.
(pdftex.def)             Requested size: 390.25534pt x 261.54723pt.
[15 <./figures/figure5.png>] [16] [17

] [18

]
Underfull \hbox (badness 10000) in paragraph at lines 573--593

 []


Package xcolor Warning: Incompatible color definition on input line 595.

LaTeX Font Info:    Trying to load font information for T1+lmtt on input line 5
96.
(/Users/maslein/Library/TinyTeX/texmf-dist/tex/latex/lm/t1lmtt.fd
File: t1lmtt.fd 2015/05/01 v1.6.1 Font defs for Latin Modern
)
LaTeX Font Info:    Font shape `T1/lmtt/bx/n' in size <12> not available
(Font)              Font shape `T1/lmtt/b/n' tried instead on input line 597.

Package xcolor Warning: Incompatible color definition on input line 602.


Package xcolor Warning: Incompatible color definition on input line 602.

<figures/figure6.png, id=343, 1069.9975pt x 601.24625pt>
File: figures/figure6.png Graphic file (type png)
<use figures/figure6.png>
Package pdftex.def Info: figures/figure6.png  used on input line 605.
(pdftex.def)             Requested size: 433.62pt x 243.65935pt.
[19

]

Package xcolor Warning: Incompatible color definition on input line 610.


Package xcolor Warning: Incompatible color definition on input line 617.


Package xcolor Warning: Incompatible color definition on input line 617.

[20 <./figures/figure6.png>]

Package xcolor Warning: Incompatible color definition on input line 619.


Package xcolor Warning: Incompatible color definition on input line 626.


Package xcolor Warning: Incompatible color definition on input line 626.


Package xcolor Warning: Incompatible color definition on input line 630.


Package xcolor Warning: Incompatible color definition on input line 637.


Package xcolor Warning: Incompatible color definition on input line 637.

[21]

Package xcolor Warning: Incompatible color definition on input line 639.


Package xcolor Warning: Incompatible color definition on input line 645.


Package xcolor Warning: Incompatible color definition on input line 645.

[22]
Chapter 3.
<thesis_files/figure-latex/unnamed-chunk-18-1.pdf, id=365, 469.755pt x 325.215p
t>
File: thesis_files/figure-latex/unnamed-chunk-18-1.pdf Graphic file (type pdf)
<use thesis_files/figure-latex/unnamed-chunk-18-1.pdf>
Package pdftex.def Info: thesis_files/figure-latex/unnamed-chunk-18-1.pdf  used
 on input line 650.
(pdftex.def)             Requested size: 411.93767pt x 285.18768pt.
[23

 <./thesis_files/figure-latex/unnamed-chunk-18-1.pdf>]
<thesis_files/figure-latex/unnamed-chunk-19-1.pdf, id=377, 469.755pt x 325.215p
t>
File: thesis_files/figure-latex/unnamed-chunk-19-1.pdf Graphic file (type pdf)
<use thesis_files/figure-latex/unnamed-chunk-19-1.pdf>
Package pdftex.def Info: thesis_files/figure-latex/unnamed-chunk-19-1.pdf  used
 on input line 661.
(pdftex.def)             Requested size: 411.93767pt x 285.18768pt.
[24 <./thesis_files/figure-latex/unnamed-chunk-19-1.pdf>] [25

]
<thesis_files/figure-latex/unnamed-chunk-21-1.pdf, id=391, 469.755pt x 325.215p
t>
File: thesis_files/figure-latex/unnamed-chunk-21-1.pdf Graphic file (type pdf)
<use thesis_files/figure-latex/unnamed-chunk-21-1.pdf>
Package pdftex.def Info: thesis_files/figure-latex/unnamed-chunk-21-1.pdf  used
 on input line 688.
(pdftex.def)             Requested size: 390.25534pt x 270.1765pt.
<thesis_files/figure-latex/unnamed-chunk-22-1.pdf, id=392, 469.755pt x 325.215p
t>
File: thesis_files/figure-latex/unnamed-chunk-22-1.pdf Graphic file (type pdf)
<use thesis_files/figure-latex/unnamed-chunk-22-1.pdf>
Package pdftex.def Info: thesis_files/figure-latex/unnamed-chunk-22-1.pdf  used
 on input line 699.
(pdftex.def)             Requested size: 368.57964pt x 255.17027pt.
[26

 <./thesis_files/figure-latex/unnamed-chunk-21-1.pdf>]
<thesis_files/figure-latex/unnamed-chunk-23-1.pdf, id=407, 469.755pt x 325.215p
t>
File: thesis_files/figure-latex/unnamed-chunk-23-1.pdf Graphic file (type pdf)
<use thesis_files/figure-latex/unnamed-chunk-23-1.pdf>
Package pdftex.def Info: thesis_files/figure-latex/unnamed-chunk-23-1.pdf  used
 on input line 707.
(pdftex.def)             Requested size: 368.57964pt x 255.17027pt.
<thesis_files/figure-latex/unnamed-chunk-24-1.pdf, id=408, 469.755pt x 325.215p
t>
File: thesis_files/figure-latex/unnamed-chunk-24-1.pdf Graphic file (type pdf)
<use thesis_files/figure-latex/unnamed-chunk-24-1.pdf>
Package pdftex.def Info: thesis_files/figure-latex/unnamed-chunk-24-1.pdf  used
 on input line 715.
(pdftex.def)             Requested size: 368.57964pt x 255.17027pt.
<thesis_files/figure-latex/unnamed-chunk-25-1.pdf, id=409, 469.755pt x 325.215p
t>
File: thesis_files/figure-latex/unnamed-chunk-25-1.pdf Graphic file (type pdf)
<use thesis_files/figure-latex/unnamed-chunk-25-1.pdf>
Package pdftex.def Info: thesis_files/figure-latex/unnamed-chunk-25-1.pdf  used
 on input line 723.
(pdftex.def)             Requested size: 368.57964pt x 255.17027pt.
[27 <./thesis_files/figure-latex/unnamed-chunk-22-1.pdf> <./thesis_files/figure
-latex/unnamed-chunk-23-1.pdf>]
<thesis_files/figure-latex/unnamed-chunk-26-1.pdf, id=431, 469.755pt x 325.215p
t>
File: thesis_files/figure-latex/unnamed-chunk-26-1.pdf Graphic file (type pdf)
<use thesis_files/figure-latex/unnamed-chunk-26-1.pdf>
Package pdftex.def Info: thesis_files/figure-latex/unnamed-chunk-26-1.pdf  used
 on input line 731.
(pdftex.def)             Requested size: 368.57964pt x 255.17027pt.
[28 <./thesis_files/figure-latex/unnamed-chunk-24-1.pdf> <./thesis_files/figure
-latex/unnamed-chunk-25-1.pdf>] [29 <./thesis_files/figure-latex/unnamed-chunk-
26-1.pdf>] [30

]
Chapter 4.

Underfull \vbox (badness 10000) has occurred while \output is active []

[31]
Underfull \vbox (badness 10000) has occurred while \output is active []

[32]
Underfull \vbox (badness 10000) has occurred while \output is active []

[33]
Underfull \vbox (badness 10000) has occurred while \output is active []

[34] [35] [36

] [37] [38

]
<thesis_files/figure-latex/unnamed-chunk-29-1.pdf, id=505, 469.755pt x 325.215p
t>
File: thesis_files/figure-latex/unnamed-chunk-29-1.pdf Graphic file (type pdf)
<use thesis_files/figure-latex/unnamed-chunk-29-1.pdf>
Package pdftex.def Info: thesis_files/figure-latex/unnamed-chunk-29-1.pdf  used
 on input line 777.
(pdftex.def)             Requested size: 390.25534pt x 270.1765pt.
[39 <./thesis_files/figure-latex/unnamed-chunk-29-1.pdf>]
<thesis_files/figure-latex/unnamed-chunk-30-1.pdf, id=516, 469.755pt x 325.215p
t>
File: thesis_files/figure-latex/unnamed-chunk-30-1.pdf Graphic file (type pdf)
<use thesis_files/figure-latex/unnamed-chunk-30-1.pdf>
Package pdftex.def Info: thesis_files/figure-latex/unnamed-chunk-30-1.pdf  used
 on input line 786.
(pdftex.def)             Requested size: 390.25534pt x 270.1765pt.

LaTeX Warning: `!h' float specifier changed to `!ht'.

[40

 <./thesis_files/figure-latex/unnamed-chunk-30-1.pdf>] [41] [42

]
Underfull \vbox (badness 10000) has occurred while \output is active []

[43

]
Underfull \hbox (badness 1033) in paragraph at lines 882--884
 \T1/lmr/m/n/12 RON-MENTS. \T1/lmr/m/it/12 Evo-lu-tion\T1/lmr/m/n/12 , \T1/lmr/
m/it/12 55\T1/lmr/m/n/12 (1), 33--40. []$\T1/lmtt/m/n/12 http : / / doi . org /
 10 . 1111 / j . 0014 -[]
 []


Underfull \vbox (badness 10000) has occurred while \output is active []

[44]
Underfull \vbox (badness 10000) has occurred while \output is active []

[45]
Underfull \vbox (badness 10000) has occurred while \output is active []

[46]
Underfull \vbox (badness 10000) has occurred while \output is active []

[47]
Underfull \hbox (badness 1097) in paragraph at lines 993--995
 \T1/lmr/m/n/12 NORMS AMONG POP-U-LA-TIONS OF \T1/lmr/m/it/12 DROSOPHILA MELANO
GASTER\T1/lmr/m/n/12 :
 []


Underfull \vbox (badness 10000) has occurred while \output is active []

[48]
Underfull \vbox (badness 10000) has occurred while \output is active []

[49]
Underfull \vbox (badness 10000) has occurred while \output is active []

[50]
Underfull \hbox (badness 4518) in paragraph at lines 1080--1082
 \T1/lmr/m/n/12 and phe-no-types in \T1/lmr/m/it/12 caiman latirostris\T1/lmr/m
/n/12 : SI-MONCINI <span style="font-
 []


Underfull \hbox (badness 3492) in paragraph at lines 1080--1082
 \T1/lmr/m/n/12 variant:Small-caps;">et al.</span>. \T1/lmr/m/it/12 J. Exp. Zoo
l.\T1/lmr/m/n/12 , \T1/lmr/m/it/12 331\T1/lmr/m/n/12 (5), 299--307.
 []


Underfull \vbox (badness 10000) has occurred while \output is active []

[51]
Underfull \vbox (badness 10000) has occurred while \output is active []

[52] [53] (./thesis.aux)
Package rerunfilecheck Info: File `thesis.out' has not changed.
(rerunfilecheck)             Checksum: C4EBAB8B22778D804678A85691A36C87;4788.
 ) 
Here is how much of TeX's memory you used:
 13656 strings out of 480954
 208873 string characters out of 5906449
 513712 words of memory out of 5000000
 30341 multiletter control sequences out of 15000+600000
 449393 words of font info for 61 fonts, out of 8000000 for 9000
 14 hyphenation exceptions out of 8191
 71i,12n,74p,2347b,388s stack positions out of 5000i,500n,10000p,200000b,80000s
{/Users/maslein/Library/TinyTeX/texmf-dist/fonts/enc/dvips/lm/lm-ec.enc}{/Use
rs/maslein/Library/TinyTeX/texmf-dist/fonts/enc/dvips/lm/lm-ts1.enc}{/Users/mas
lein/Library/TinyTeX/texmf-dist/fonts/enc/dvips/lm/lm-mathsy.enc}{/Users/maslei
n/Library/TinyTeX/texmf-dist/fonts/enc/dvips/lm/lm-mathit.enc}{/Users/maslein/L
ibrary/TinyTeX/texmf-dist/fonts/enc/dvips/lm/lm-rm.enc}</Users/maslein/Library/
TinyTeX/texmf-dist/fonts/type1/public/lm/lmbx12.pfb></Users/maslein/Library/Tin
yTeX/texmf-dist/fonts/type1/public/lm/lmmi12.pfb></Users/maslein/Library/TinyTe
X/texmf-dist/fonts/type1/public/lm/lmmi8.pfb></Users/maslein/Library/TinyTeX/te
xmf-dist/fonts/type1/public/lm/lmr12.pfb></Users/maslein/Library/TinyTeX/texmf-
dist/fonts/type1/public/lm/lmr8.pfb></Users/maslein/Library/TinyTeX/texmf-dist/
fonts/type1/public/lm/lmri12.pfb></Users/maslein/Library/TinyTeX/texmf-dist/fon
ts/type1/public/lm/lmro12.pfb></Users/maslein/Library/TinyTeX/texmf-dist/fonts/
type1/public/lm/lmsy8.pfb></Users/maslein/Library/TinyTeX/texmf-dist/fonts/type
1/public/lm/lmtk10.pfb></Users/maslein/Library/TinyTeX/texmf-dist/fonts/type1/p
ublic/lm/lmtt12.pfb>
Output written on thesis.pdf (67 pages, 1296699 bytes).
PDF statistics:
 926 PDF objects out of 1000 (max. 8388607)
 807 compressed objects within 9 object streams
 239 named destinations out of 1000 (max. 500000)
 276 words of extra memory for PDF output out of 10000 (max. 10000000)

